{
  level: 'error',
  message: 'HTTP GET /api/v1/auth/forget-password/test@test.com',
  metadata: {
    meta: {
      req: {
        url: '/api/v1/auth/forget-password/test@test.com',
        headers: {
          host: '127.0.0.1:52002',
          'accept-encoding': 'gzip, deflate',
          connection: 'close'
        },
        method: 'GET',
        httpVersion: '1.1',
        originalUrl: '/api/v1/auth/forget-password/test@test.com',
        query: {}
      },
      res: { statusCode: 500 },
      responseTime: 1
    },
    timestamp: '2024-03-11T13:23:49.327Z'
  }
}
{
  level: 'error',
  message: 'HTTP GET /api/v1/auth/forget-password/test@test.net',
  metadata: {
    meta: {
      req: {
        url: '/api/v1/auth/forget-password/test@test.net',
        headers: {
          host: '127.0.0.1:52003',
          'accept-encoding': 'gzip, deflate',
          connection: 'close'
        },
        method: 'GET',
        httpVersion: '1.1',
        originalUrl: '/api/v1/auth/forget-password/test@test.net',
        query: {}
      },
      res: { statusCode: 500 },
      responseTime: 1
    },
    timestamp: '2024-03-11T13:23:49.336Z'
  }
}
